<?xml version="1.0" encoding="UTF-8"?>
<testsuite xmlns:xsi="http://www.w3.org/2001/XMLSchema-instance" xsi:noNamespaceSchemaLocation="https://maven.apache.org/surefire/maven-surefire-plugin/xsd/surefire-test-report.xsd" name="com.johnny.hm.HmApplicationTests" time="21.689" tests="7" errors="0" skipped="0" failures="0">
  <properties>
[...]
</properties>
  <testcase name="redis1" classname="com.johnny.hm.HmApplicationTests" time="2.893"/>
  <testcase name="redis2" classname="com.johnny.hm.HmApplicationTests" time="0.08"/>
  <testcase name="getRolesByHrId" classname="com.johnny.hm.HmApplicationTests" time="1.053"/>
  <testcase name="bCry" classname="com.johnny.hm.HmApplicationTests" time="0.174"/>
  <testcase name="amqp" classname="com.johnny.hm.HmApplicationTests" time="0.205"/>
  <testcase name="contextLoads" classname="com.johnny.hm.HmApplicationTests" time="0.003"/>
  <testcase name="sendMsg" classname="com.johnny.hm.HmApplicationTests" time="0.035"/>
</testsuite>